{
  "stats": {
    "suites": 1,
    "tests": 1,
    "passes": 1,
    "pending": 0,
    "failures": 0,
    "start": "2025-01-29T11:45:54.914Z",
    "end": "2025-01-29T11:45:59.205Z",
    "duration": 4291,
    "testsRegistered": 1,
    "passPercent": 100,
    "pendingPercent": 0,
    "other": 0,
    "hasOther": false,
    "skipped": 0,
    "hasSkipped": false
  },
  "results": [
    {
      "uuid": "05c27e61-b74c-4836-b474-8b082ab14a2f",
      "title": "",
      "fullFile": "cypress\\e2e\\Handle_Invisibel_Element\\invisible.cy.js",
      "file": "cypress\\e2e\\Handle_Invisibel_Element\\invisible.cy.js",
      "beforeHooks": [],
      "afterHooks": [],
      "tests": [],
      "suites": [
        {
          "uuid": "c6208df1-2780-4923-96b9-91edc2a5a265",
          "title": "Handling Invisble element",
          "fullFile": "",
          "file": "",
          "beforeHooks": [],
          "afterHooks": [],
          "tests": [
            {
              "title": "handle invisible element",
              "fullTitle": "Handling Invisble element handle invisible element",
              "timedOut": null,
              "duration": 2264,
              "state": "passed",
              "speed": "fast",
              "pass": true,
              "fail": false,
              "pending": false,
              "context": null,
              "code": "cy.visit('https://rahulshettyacademy.com/seleniumPractise/#/');\ncy.get('.search-keyword').type('ca');\n// this code is generating error because on element is invisble\n//cy.get('.product').should('have.length',4)\n// use : visible because it will target only visible element\ncy.get('.product:visible').should('have.length', 4);",
              "err": {},
              "uuid": "55af169a-67c7-4a5b-b5dc-a0f382f2e43f",
              "parentUUID": "c6208df1-2780-4923-96b9-91edc2a5a265",
              "isHook": false,
              "skipped": false
            }
          ],
          "suites": [],
          "passes": [
            "55af169a-67c7-4a5b-b5dc-a0f382f2e43f"
          ],
          "failures": [],
          "pending": [],
          "skipped": [],
          "duration": 2264,
          "root": false,
          "rootEmpty": false,
          "_timeout": 2000
        }
      ],
      "passes": [],
      "failures": [],
      "pending": [],
      "skipped": [],
      "duration": 0,
      "root": true,
      "rootEmpty": true,
      "_timeout": 2000
    }
  ],
  "meta": {
    "mocha": {
      "version": "7.0.1"
    },
    "mochawesome": {
      "options": {
        "quiet": false,
        "reportFilename": "mochawesome",
        "saveHtml": true,
        "saveJson": true,
        "consoleReporter": "spec",
        "useInlineDiffs": false,
        "code": true
      },
      "version": "7.1.3"
    },
    "marge": {
      "options": null,
      "version": "6.2.0"
    }
  }
}