{
  "stats": {
    "suites": 1,
    "tests": 1,
    "passes": 1,
    "pending": 0,
    "failures": 0,
    "start": "2025-02-19T08:35:28.570Z",
    "end": "2025-02-19T08:35:39.388Z",
    "duration": 10818,
    "testsRegistered": 1,
    "passPercent": 100,
    "pendingPercent": 0,
    "other": 0,
    "hasOther": false,
    "skipped": 0,
    "hasSkipped": false
  },
  "results": [
    {
      "uuid": "958fcbc0-b45d-453c-9148-245ec612158f",
      "title": "",
      "fullFile": "cypress\\e2e\\productSumFunctionality\\product_sum.cy.js",
      "file": "cypress\\e2e\\productSumFunctionality\\product_sum.cy.js",
      "beforeHooks": [],
      "afterHooks": [],
      "tests": [],
      "suites": [
        {
          "uuid": "69de6480-9155-44cb-b59b-9b223d77a8e8",
          "title": "Product Page Object",
          "fullFile": "",
          "file": "",
          "beforeHooks": [],
          "afterHooks": [],
          "tests": [
            {
              "title": "purchase  products",
              "fullTitle": "Product Page Object purchase  products",
              "timedOut": null,
              "duration": 8611,
              "state": "passed",
              "speed": "medium",
              "pass": true,
              "fail": false,
              "pending": false,
              "context": null,
              "code": "cy.visit('https://rahulshettyacademy.com/angularpractice/');\ncy.get(':nth-child(2) > .nav-link').click();\nuserdata.productName.forEach(product => {\n  cy.selectProduct(product);\n});\nproduct.getClickOnCheckOutButton().click();\n// implemented product sum functionality\nvar sum = 0;\ncy.get('tr td:nth-child(4) strong').each(($el, index, $list) => {\n  const amount = $el.text(); // grabing the amount text\n  var res = amount.split(\" \"); // spliting special characters from the amount text\n  var total = res[1].trim(); // getting the amount value\n  sum = Number(total) + Number(sum); // summing up the amount value\n}).then(function () {\n  cy.log(sum); // printing the sum value\n});\ncy.get('h3 strong').then(function (element) {\n  const amount = element.text(); // grabing total amount text\n  var res = amount.split(\" \"); // spliting special characters from the total amount text\n  var total = res[1].trim(); // removing the special characters from the total amount value\n  expect(Number(total)).to.equal(sum); // comparing the total amount value with the sum value\n});\nproduct.getClickOnCheckOutButton2().click();\nproduct.getLocationInput().type('India');\ncy.wait(6000);\nproduct.getClickOnSuggestion().click();\nproduct.getCheckBox().click();\nproduct.getClickOnPurchaseBtn().click();\n// product.getSuccessMessage().should('have.text','Success! Thank you! Your order will be delivered in next few weeks')\ncy.contains('Success! Thank you! Your order will be delivered in next few weeks').should('be.visible');",
              "err": {},
              "uuid": "83e19549-b0a3-4fbe-9d1e-1a1b8a1416ec",
              "parentUUID": "69de6480-9155-44cb-b59b-9b223d77a8e8",
              "isHook": false,
              "skipped": false
            }
          ],
          "suites": [],
          "passes": [
            "83e19549-b0a3-4fbe-9d1e-1a1b8a1416ec"
          ],
          "failures": [],
          "pending": [],
          "skipped": [],
          "duration": 8611,
          "root": false,
          "rootEmpty": false,
          "_timeout": 2000
        }
      ],
      "passes": [],
      "failures": [],
      "pending": [],
      "skipped": [],
      "duration": 0,
      "root": true,
      "rootEmpty": true,
      "_timeout": 2000
    }
  ],
  "meta": {
    "mocha": {
      "version": "7.0.1"
    },
    "mochawesome": {
      "options": {
        "quiet": false,
        "reportFilename": "mochawesome",
        "saveHtml": true,
        "saveJson": true,
        "consoleReporter": "spec",
        "useInlineDiffs": false,
        "code": true
      },
      "version": "7.1.3"
    },
    "marge": {
      "options": null,
      "version": "6.2.0"
    }
  }
}