{
  "stats": {
    "suites": 1,
    "tests": 1,
    "passes": 1,
    "pending": 0,
    "failures": 0,
    "start": "2025-01-29T10:59:30.905Z",
    "end": "2025-01-29T10:59:34.652Z",
    "duration": 3747,
    "testsRegistered": 1,
    "passPercent": 100,
    "pendingPercent": 0,
    "other": 0,
    "hasOther": false,
    "skipped": 0,
    "hasSkipped": false
  },
  "results": [
    {
      "uuid": "def7f804-0a19-420a-a28e-8062e9bc010e",
      "title": "",
      "fullFile": "cypress\\e2e\\webtable\\web_tables.cy.js",
      "file": "cypress\\e2e\\webtable\\web_tables.cy.js",
      "beforeHooks": [],
      "afterHooks": [],
      "tests": [],
      "suites": [
        {
          "uuid": "d4f8e93d-e438-4e5d-97ff-14e153652058",
          "title": "handling web table",
          "fullFile": "",
          "file": "",
          "beforeHooks": [],
          "afterHooks": [],
          "tests": [
            {
              "title": "Handling web tables ",
              "fullTitle": "handling web table Handling web tables ",
              "timedOut": null,
              "duration": 2398,
              "state": "passed",
              "speed": "fast",
              "pass": true,
              "fail": false,
              "pending": false,
              "context": null,
              "code": "cy.visit(\"https://rahulshettyacademy.com/AutomationPractice/\");\n// handling web tables \ncy.get('tr >td:nth-child(2)').each(($el, index, list) => {\n  const text = $el.text();\n  if (text.includes('Python')) {\n    cy.get('tr >td:nth-child(2)').eq(index).next().then(price => {\n      const pricetext = price.text();\n      expect(pricetext).to.equal('25');\n    });\n  }\n});",
              "err": {},
              "uuid": "c56f30b4-592d-487e-86e9-7180c3094bcd",
              "parentUUID": "d4f8e93d-e438-4e5d-97ff-14e153652058",
              "isHook": false,
              "skipped": false
            }
          ],
          "suites": [],
          "passes": [
            "c56f30b4-592d-487e-86e9-7180c3094bcd"
          ],
          "failures": [],
          "pending": [],
          "skipped": [],
          "duration": 2398,
          "root": false,
          "rootEmpty": false,
          "_timeout": 2000
        }
      ],
      "passes": [],
      "failures": [],
      "pending": [],
      "skipped": [],
      "duration": 0,
      "root": true,
      "rootEmpty": true,
      "_timeout": 2000
    }
  ],
  "meta": {
    "mocha": {
      "version": "7.0.1"
    },
    "mochawesome": {
      "options": {
        "quiet": false,
        "reportFilename": "mochawesome",
        "saveHtml": true,
        "saveJson": true,
        "consoleReporter": "spec",
        "useInlineDiffs": false,
        "code": true
      },
      "version": "7.1.3"
    },
    "marge": {
      "options": null,
      "version": "6.2.0"
    }
  }
}